# JRE version: OpenJDK Runtime Environment (7.0_55-b14) (build 1.7.0_55-b14)
# Java VM: OpenJDK Server VM (24.51-b03 mixed mode linux-x86 )
Heap
 PSYoungGen      total 72192K, used 7922K [0x9dd40000, 0xa2cc0000, 0xb32c0000)
  eden space 64256K, 0% used [0x9dd40000,0x9dd40000,0xa1c00000)
  from space 7936K, 99% used [0xa1c00000,0xa23bc8e0,0xa23c0000)
  to   space 6656K, 0% used [0xa23c0000,0xa23c0000,0xa2a40000)
 ParOldGen       total 22272K, used 22085K [0x732c0000, 0x74880000, 0x9dd40000)
  object space 22272K, 99% used [0x732c0000,0x748515c0,0x74880000)
 PSPermGen       total 16384K, used 3961K [0x6b2c0000, 0x6c2c0000, 0x732c0000)
  object space 16384K, 24% used [0x6b2c0000,0x6b69e4c0,0x6c2c0000)
GC Heap History (10 events):
Event: 27.827 GC heap after
Heap after GC invocations=2 (full 0):
 PSYoungGen      total 17664K, used 1267K [0x9dd40000, 0x9efc0000, 0xb32c0000)
  eden space 16384K, 0% used [0x9dd40000,0x9dd40000,0x9ed40000)
  from space 1280K, 99% used [0x9ee80000,0x9efbcfb0,0x9efc0000)
  to   space 1280K, 0% used [0x9ed40000,0x9ed40000,0x9ee80000)
 ParOldGen       total 21248K, used 2539K [0x732c0000, 0x74780000, 0x9dd40000)
  object space 21248K, 11% used [0x732c0000,0x7353ac58,0x74780000)
 PSPermGen       total 16384K, used 3736K [0x6b2c0000, 0x6c2c0000, 0x732c0000)
  object space 16384K, 22% used [0x6b2c0000,0x6b666110,0x6c2c0000)
}
Event: 29.690 GC heap before
{Heap before GC invocations=3 (full 0):
 PSYoungGen      total 17664K, used 17651K [0x9dd40000, 0x9efc0000, 0xb32c0000)
  eden space 16384K, 100% used [0x9dd40000,0x9ed40000,0x9ed40000)
  from space 1280K, 99% used [0x9ee80000,0x9efbcfb0,0x9efc0000)
  to   space 1280K, 0% used [0x9ed40000,0x9ed40000,0x9ee80000)
 ParOldGen       total 21248K, used 2539K [0x732c0000, 0x74780000, 0x9dd40000)
  object space 21248K, 11% used [0x732c0000,0x7353ac58,0x74780000)
 PSPermGen       total 16384K, used 3872K [0x6b2c0000, 0x6c2c0000, 0x732c0000)
  object space 16384K, 23% used [0x6b2c0000,0x6b688008,0x6c2c0000)
Event: 29.724 GC heap after
Heap after GC invocations=3 (full 0):
 PSYoungGen      total 17664K, used 1268K [0x9dd40000, 0x9ffc0000, 0xb32c0000)
  eden space 16384K, 0% used [0x9dd40000,0x9dd40000,0x9ed40000)
  from space 1280K, 99% used [0x9ed40000,0x9ee7d2c8,0x9ee80000)
  to   space 1280K, 0% used [0x9fe80000,0x9fe80000,0x9ffc0000)
 ParOldGen       total 21248K, used 4740K [0x732c0000, 0x74780000, 0x9dd40000)
  object space 21248K, 22% used [0x732c0000,0x737613f0,0x74780000)
 PSPermGen       total 16384K, used 3872K [0x6b2c0000, 0x6c2c0000, 0x732c0000)
  object space 16384K, 23% used [0x6b2c0000,0x6b688008,0x6c2c0000)
}
Event: 31.915 GC heap before
{Heap before GC invocations=4 (full 0):
 PSYoungGen      total 17664K, used 17652K [0x9dd40000, 0x9ffc0000, 0xb32c0000)
  eden space 16384K, 100% used [0x9dd40000,0x9ed40000,0x9ed40000)
  from space 1280K, 99% used [0x9ed40000,0x9ee7d2c8,0x9ee80000)
  to   space 1280K, 0% used [0x9fe80000,0x9fe80000,0x9ffc0000)
 ParOldGen       total 21248K, used 4740K [0x732c0000, 0x74780000, 0x9dd40000)
  object space 21248K, 22% used [0x732c0000,0x737613f0,0x74780000)
 PSPermGen       total 16384K, used 3895K [0x6b2c0000, 0x6c2c0000, 0x732c0000)
  object space 16384K, 23% used [0x6b2c0000,0x6b68df20,0x6c2c0000)
Event: 31.974 GC heap after
Heap after GC invocations=4 (full 0):
 PSYoungGen      total 34048K, used 1275K [0x9dd40000, 0x9ffc0000, 0xb32c0000)
  eden space 32768K, 0% used [0x9dd40000,0x9dd40000,0x9fd40000)
  from space 1280K, 99% used [0x9fe80000,0x9ffbecd0,0x9ffc0000)
  to   space 1280K, 0% used [0x9fd40000,0x9fd40000,0x9fe80000)
 ParOldGen       total 21248K, used 7612K [0x732c0000, 0x74780000, 0x9dd40000)
  object space 21248K, 35% used [0x732c0000,0x73a2f048,0x74780000)
 PSPermGen       total 16384K, used 3895K [0x6b2c0000, 0x6c2c0000, 0x732c0000)
  object space 16384K, 23% used [0x6b2c0000,0x6b68df20,0x6c2c0000)
}
Event: 38.480 GC heap before
{Heap before GC invocations=5 (full 0):
 PSYoungGen      total 34048K, used 34043K [0x9dd40000, 0x9ffc0000, 0xb32c0000)
  eden space 32768K, 100% used [0x9dd40000,0x9fd40000,0x9fd40000)
  from space 1280K, 99% used [0x9fe80000,0x9ffbecd0,0x9ffc0000)
  to   space 1280K, 0% used [0x9fd40000,0x9fd40000,0x9fe80000)
 ParOldGen       total 21248K, used 7612K [0x732c0000, 0x74780000, 0x9dd40000)
  object space 21248K, 35% used [0x732c0000,0x73a2f048,0x74780000)
 PSPermGen       total 16384K, used 3920K [0x6b2c0000, 0x6c2c0000, 0x732c0000)
  object space 16384K, 23% used [0x6b2c0000,0x6b694188,0x6c2c0000)
Event: 40.303 GC heap after
Heap after GC invocations=5 (full 0):
 PSYoungGen      total 34048K, used 1267K [0x9dd40000, 0xa2a40000, 0xb32c0000)
  eden space 32768K, 0% used [0x9dd40000,0x9dd40000,0x9fd40000)
  from space 1280K, 98% used [0x9fd40000,0x9fe7cc28,0x9fe80000)
  to   space 6656K, 0% used [0xa23c0000,0xa23c0000,0xa2a40000)
 ParOldGen       total 21248K, used 12832K [0x732c0000, 0x74780000, 0x9dd40000)
  object space 21248K, 60% used [0x732c0000,0x73f481e8,0x74780000)
 PSPermGen       total 16384K, used 3920K [0x6b2c0000, 0x6c2c0000, 0x732c0000)
  object space 16384K, 23% used [0x6b2c0000,0x6b694188,0x6c2c0000)
}
Event: 41.588 GC heap before
{Heap before GC invocations=6 (full 0):
 PSYoungGen      total 34048K, used 34035K [0x9dd40000, 0xa2a40000, 0xb32c0000)
  eden space 32768K, 100% used [0x9dd40000,0x9fd40000,0x9fd40000)
  from space 1280K, 98% used [0x9fd40000,0x9fe7cc28,0x9fe80000)
  to   space 6656K, 0% used [0xa23c0000,0xa23c0000,0xa2a40000)
 ParOldGen       total 21248K, used 12832K [0x732c0000, 0x74780000, 0x9dd40000)
  object space 21248K, 60% used [0x732c0000,0x73f481e8,0x74780000)
 PSPermGen       total 16384K, used 3936K [0x6b2c0000, 0x6c2c0000, 0x732c0000)
  object space 16384K, 24% used [0x6b2c0000,0x6b698260,0x6c2c0000)
Event: 41.648 GC heap after
Heap after GC invocations=6 (full 0):
 PSYoungGen      total 70912K, used 6651K [0x9dd40000, 0xa2cc0000, 0xb32c0000)
  eden space 64256K, 0% used [0x9dd40000,0x9dd40000,0xa1c00000)
  from space 6656K, 99% used [0xa23c0000,0xa2a3ed60,0xa2a40000)
  to   space 7936K, 0% used [0xa1c00000,0xa1c00000,0xa23c0000)
 ParOldGen       total 21248K, used 13087K [0x732c0000, 0x74780000, 0x9dd40000)
  object space 21248K, 61% used [0x732c0000,0x73f87f48,0x74780000)
 PSPermGen       total 16384K, used 3936K [0x6b2c0000, 0x6c2c0000, 0x732c0000)
  object space 16384K, 24% used [0x6b2c0000,0x6b698260,0x6c2c0000)
}
Event: 74.338 GC heap before
{Heap before GC invocations=7 (full 0):
 PSYoungGen      total 70912K, used 70907K [0x9dd40000, 0xa2cc0000, 0xb32c0000)
  eden space 64256K, 100% used [0x9dd40000,0xa1c00000,0xa1c00000)
  from space 6656K, 99% used [0xa23c0000,0xa2a3ed60,0xa2a40000)
  to   space 7936K, 0% used [0xa1c00000,0xa1c00000,0xa23c0000)
 ParOldGen       total 21248K, used 13087K [0x732c0000, 0x74780000, 0x9dd40000)
  object space 21248K, 61% used [0x732c0000,0x73f87f48,0x74780000)
 PSPermGen       total 16384K, used 3961K [0x6b2c0000, 0x6c2c0000, 0x732c0000)
  object space 16384K, 24% used [0x6b2c0000,0x6b69e4c0,0x6c2c0000)

